app/build/intermediates/manifest_merge_blame_file/debug/manifest-merger-blame-debug-report.txt
1<?xml version="1.0" encoding="utf-8"?>
2<manifest xmlns:android="http://schemas.android.com/apk/res/android"
3    package="com.example.ecommerceapp"
4    android:versionCode="1"
5    android:versionName="1.0" >
6
7    <uses-sdk
8        android:minSdkVersion="19"
8-->src\main\AndroidManifest.xml
9        android:targetSdkVersion="31" />
9-->src\main\AndroidManifest.xml
10
11    <uses-permission android:name="android.permission.INTERNET" />
11-->[com.google.firebase:firebase-auth:21.0.1] AndroidManifest.xml:23:5-67
11-->[com.google.firebase:firebase-auth:21.0.1] AndroidManifest.xml:23:22-64
12    <uses-permission android:name="android.permission.ACCESS_NETWORK_STATE" />
12-->[com.google.firebase:firebase-auth:21.0.1] AndroidManifest.xml:24:5-79
12-->[com.google.firebase:firebase-auth:21.0.1] AndroidManifest.xml:24:22-76
13    <uses-permission android:name="android.permission.WAKE_LOCK" />
13-->[com.google.android.gms:play-services-measurement-api:20.0.2] AndroidManifest.xml:24:5-68
13-->[com.google.android.gms:play-services-measurement-api:20.0.2] AndroidManifest.xml:24:22-65
14    <uses-permission android:name="com.google.android.finsky.permission.BIND_GET_INSTALL_REFERRER_SERVICE" /> <!-- Include required permissions for Advertising Id -->
14-->[com.google.android.gms:play-services-measurement:20.0.2] AndroidManifest.xml:26:5-110
14-->[com.google.android.gms:play-services-measurement:20.0.2] AndroidManifest.xml:26:22-107
15    <uses-permission android:name="com.google.android.gms.permission.AD_ID" />
15-->[com.google.android.gms:play-services-ads-identifier:18.0.0] AndroidManifest.xml:23:5-79
15-->[com.google.android.gms:play-services-ads-identifier:18.0.0] AndroidManifest.xml:23:22-76
16
17    <application
17-->src\main\AndroidManifest.xml:5:5-24:19
18        android:name="androidx.multidex.MultiDexApplication"
19        android:allowBackup="true"
19-->src\main\AndroidManifest.xml:6:9-35
20        android:appComponentFactory="androidx.core.app.CoreComponentFactory"
20-->[androidx.core:core:1.7.0] AndroidManifest.xml:24:18-86
21        android:debuggable="true"
22        android:icon="@mipmap/ic_launcher"
22-->src\main\AndroidManifest.xml:7:9-43
23        android:label="@string/app_name"
23-->src\main\AndroidManifest.xml:8:9-41
24        android:roundIcon="@mipmap/ic_launcher_round"
24-->src\main\AndroidManifest.xml:9:9-54
25        android:supportsRtl="true"
25-->src\main\AndroidManifest.xml:10:9-35
26        android:testOnly="true"
27        android:theme="@style/Theme.ECommerceApp" >
27-->src\main\AndroidManifest.xml:11:9-50
28        <activity android:name="com.example.ecommerceapp.AdminCategoryActivity" />
28-->src\main\AndroidManifest.xml:12:9-68
28-->src\main\AndroidManifest.xml:12:19-56
29        <activity android:name="com.example.ecommerceapp.AdminAddNewProductActivity" />
29-->src\main\AndroidManifest.xml:13:9-64
29-->src\main\AndroidManifest.xml:13:19-61
30        <activity android:name="com.example.ecommerceapp.HomeActivity" />
30-->src\main\AndroidManifest.xml:14:9-50
30-->src\main\AndroidManifest.xml:14:19-47
31        <activity android:name="com.example.ecommerceapp.RegisterActivity" />
31-->src\main\AndroidManifest.xml:15:9-54
31-->src\main\AndroidManifest.xml:15:19-51
32        <activity android:name="com.example.ecommerceapp.LoginActivity" />
32-->src\main\AndroidManifest.xml:16:9-51
32-->src\main\AndroidManifest.xml:16:19-48
33        <activity android:name="com.example.ecommerceapp.MainActivity" >
33-->src\main\AndroidManifest.xml:17:9-23:20
33-->src\main\AndroidManifest.xml:17:19-47
34            <intent-filter>
34-->src\main\AndroidManifest.xml:18:13-22:29
35                <action android:name="android.intent.action.MAIN" />
35-->src\main\AndroidManifest.xml:19:17-69
35-->src\main\AndroidManifest.xml:19:25-66
36
37                <category android:name="android.intent.category.LAUNCHER" />
37-->src\main\AndroidManifest.xml:21:17-77
37-->src\main\AndroidManifest.xml:21:27-74
38            </intent-filter>
39        </activity>
40        <activity
40-->[com.google.firebase:firebase-auth:21.0.1] AndroidManifest.xml:27:9-44:20
41            android:name="com.google.firebase.auth.internal.GenericIdpActivity"
41-->[com.google.firebase:firebase-auth:21.0.1] AndroidManifest.xml:28:13-80
42            android:excludeFromRecents="true"
42-->[com.google.firebase:firebase-auth:21.0.1] AndroidManifest.xml:29:13-46
43            android:exported="true"
43-->[com.google.firebase:firebase-auth:21.0.1] AndroidManifest.xml:30:13-36
44            android:launchMode="singleTask"
44-->[com.google.firebase:firebase-auth:21.0.1] AndroidManifest.xml:31:13-44
45            android:theme="@android:style/Theme.Translucent.NoTitleBar" >
45-->[com.google.firebase:firebase-auth:21.0.1] AndroidManifest.xml:32:13-72
46            <intent-filter>
46-->[com.google.firebase:firebase-auth:21.0.1] AndroidManifest.xml:33:13-43:29
47                <action android:name="android.intent.action.VIEW" />
47-->[com.google.firebase:firebase-auth:21.0.1] AndroidManifest.xml:34:17-69
47-->[com.google.firebase:firebase-auth:21.0.1] AndroidManifest.xml:34:25-66
48
49                <category android:name="android.intent.category.DEFAULT" />
49-->[com.google.firebase:firebase-auth:21.0.1] AndroidManifest.xml:36:17-76
49-->[com.google.firebase:firebase-auth:21.0.1] AndroidManifest.xml:36:27-73
50                <category android:name="android.intent.category.BROWSABLE" />
50-->[com.google.firebase:firebase-auth:21.0.1] AndroidManifest.xml:37:17-78
50-->[com.google.firebase:firebase-auth:21.0.1] AndroidManifest.xml:37:27-75
51
52                <data
52-->[com.google.firebase:firebase-auth:21.0.1] AndroidManifest.xml:39:17-42:51
53                    android:host="firebase.auth"
53-->[com.google.firebase:firebase-auth:21.0.1] AndroidManifest.xml:40:21-49
54                    android:path="/"
54-->[com.google.firebase:firebase-auth:21.0.1] AndroidManifest.xml:41:21-37
55                    android:scheme="genericidp" />
55-->[com.google.firebase:firebase-auth:21.0.1] AndroidManifest.xml:42:21-48
56            </intent-filter>
57        </activity>
58        <activity
58-->[com.google.firebase:firebase-auth:21.0.1] AndroidManifest.xml:45:9-62:20
59            android:name="com.google.firebase.auth.internal.RecaptchaActivity"
59-->[com.google.firebase:firebase-auth:21.0.1] AndroidManifest.xml:46:13-79
60            android:excludeFromRecents="true"
60-->[com.google.firebase:firebase-auth:21.0.1] AndroidManifest.xml:47:13-46
61            android:exported="true"
61-->[com.google.firebase:firebase-auth:21.0.1] AndroidManifest.xml:48:13-36
62            android:launchMode="singleTask"
62-->[com.google.firebase:firebase-auth:21.0.1] AndroidManifest.xml:49:13-44
63            android:theme="@android:style/Theme.Translucent.NoTitleBar" >
63-->[com.google.firebase:firebase-auth:21.0.1] AndroidManifest.xml:50:13-72
64            <intent-filter>
64-->[com.google.firebase:firebase-auth:21.0.1] AndroidManifest.xml:51:13-61:29
65                <action android:name="android.intent.action.VIEW" />
65-->[com.google.firebase:firebase-auth:21.0.1] AndroidManifest.xml:34:17-69
65-->[com.google.firebase:firebase-auth:21.0.1] AndroidManifest.xml:34:25-66
66
67                <category android:name="android.intent.category.DEFAULT" />
67-->[com.google.firebase:firebase-auth:21.0.1] AndroidManifest.xml:36:17-76
67-->[com.google.firebase:firebase-auth:21.0.1] AndroidManifest.xml:36:27-73
68                <category android:name="android.intent.category.BROWSABLE" />
68-->[com.google.firebase:firebase-auth:21.0.1] AndroidManifest.xml:37:17-78
68-->[com.google.firebase:firebase-auth:21.0.1] AndroidManifest.xml:37:27-75
69
70                <data
70-->[com.google.firebase:firebase-auth:21.0.1] AndroidManifest.xml:39:17-42:51
71                    android:host="firebase.auth"
71-->[com.google.firebase:firebase-auth:21.0.1] AndroidManifest.xml:40:21-49
72                    android:path="/"
72-->[com.google.firebase:firebase-auth:21.0.1] AndroidManifest.xml:41:21-37
73                    android:scheme="recaptcha" />
73-->[com.google.firebase:firebase-auth:21.0.1] AndroidManifest.xml:42:21-48
74            </intent-filter>
75        </activity>
76
77        <service
77-->[com.google.firebase:firebase-auth:21.0.1] AndroidManifest.xml:64:9-73:19
78            android:name="com.google.firebase.auth.api.fallback.service.FirebaseAuthFallbackService"
78-->[com.google.firebase:firebase-auth:21.0.1] AndroidManifest.xml:65:13-101
79            android:enabled="true"
79-->[com.google.firebase:firebase-auth:21.0.1] AndroidManifest.xml:66:13-35
80            android:exported="false" >
80-->[com.google.firebase:firebase-auth:21.0.1] AndroidManifest.xml:67:13-37
81            <intent-filter>
81-->[com.google.firebase:firebase-auth:21.0.1] AndroidManifest.xml:68:13-72:29
82                <action android:name="com.google.firebase.auth.api.gms.service.START" />
82-->[com.google.firebase:firebase-auth:21.0.1] AndroidManifest.xml:69:17-89
82-->[com.google.firebase:firebase-auth:21.0.1] AndroidManifest.xml:69:25-86
83
84                <category android:name="android.intent.category.DEFAULT" />
84-->[com.google.firebase:firebase-auth:21.0.1] AndroidManifest.xml:36:17-76
84-->[com.google.firebase:firebase-auth:21.0.1] AndroidManifest.xml:36:27-73
85            </intent-filter>
86        </service>
87        <service
87-->[com.google.firebase:firebase-auth:21.0.1] AndroidManifest.xml:74:9-80:19
88            android:name="com.google.firebase.components.ComponentDiscoveryService"
88-->[com.google.firebase:firebase-auth:21.0.1] AndroidManifest.xml:75:13-84
89            android:directBootAware="true"
89-->[com.google.firebase:firebase-common:20.0.0] AndroidManifest.xml:35:13-43
90            android:exported="false" >
90-->[com.google.firebase:firebase-auth:21.0.1] AndroidManifest.xml:76:13-37
91            <meta-data
91-->[com.google.firebase:firebase-auth:21.0.1] AndroidManifest.xml:77:13-79:85
92                android:name="com.google.firebase.components:com.google.firebase.auth.FirebaseAuthRegistrar"
92-->[com.google.firebase:firebase-auth:21.0.1] AndroidManifest.xml:78:17-109
93                android:value="com.google.firebase.components.ComponentRegistrar" />
93-->[com.google.firebase:firebase-auth:21.0.1] AndroidManifest.xml:79:17-82
94            <meta-data
94-->[com.google.firebase:firebase-database:20.0.3] AndroidManifest.xml:32:13-34:85
95                android:name="com.google.firebase.components:com.google.firebase.database.DatabaseRegistrar"
95-->[com.google.firebase:firebase-database:20.0.3] AndroidManifest.xml:33:17-109
96                android:value="com.google.firebase.components.ComponentRegistrar" />
96-->[com.google.firebase:firebase-database:20.0.3] AndroidManifest.xml:34:17-82
97            <meta-data
97-->[com.google.firebase:firebase-storage:20.0.0] AndroidManifest.xml:33:13-35:85
98                android:name="com.google.firebase.components:com.google.firebase.storage.StorageRegistrar"
98-->[com.google.firebase:firebase-storage:20.0.0] AndroidManifest.xml:34:17-107
99                android:value="com.google.firebase.components.ComponentRegistrar" />
99-->[com.google.firebase:firebase-storage:20.0.0] AndroidManifest.xml:35:17-82
100            <meta-data
100-->[com.google.firebase:firebase-firestore:24.0.0] AndroidManifest.xml:20:13-22:85
101                android:name="com.google.firebase.components:com.google.firebase.firestore.FirestoreRegistrar"
101-->[com.google.firebase:firebase-firestore:24.0.0] AndroidManifest.xml:21:17-111
102                android:value="com.google.firebase.components.ComponentRegistrar" />
102-->[com.google.firebase:firebase-firestore:24.0.0] AndroidManifest.xml:22:17-82
103            <meta-data
103-->[com.google.android.gms:play-services-measurement-api:20.0.2] AndroidManifest.xml:30:13-32:85
104                android:name="com.google.firebase.components:com.google.firebase.analytics.connector.internal.AnalyticsConnectorRegistrar"
104-->[com.google.android.gms:play-services-measurement-api:20.0.2] AndroidManifest.xml:31:17-139
105                android:value="com.google.firebase.components.ComponentRegistrar" />
105-->[com.google.android.gms:play-services-measurement-api:20.0.2] AndroidManifest.xml:32:17-82
106            <meta-data
106-->[com.google.firebase:firebase-installations:17.0.0] AndroidManifest.xml:18:13-20:85
107                android:name="com.google.firebase.components:com.google.firebase.installations.FirebaseInstallationsRegistrar"
107-->[com.google.firebase:firebase-installations:17.0.0] AndroidManifest.xml:19:17-127
108                android:value="com.google.firebase.components.ComponentRegistrar" />
108-->[com.google.firebase:firebase-installations:17.0.0] AndroidManifest.xml:20:17-82
109        </service>
110
111        <provider
111-->[com.google.firebase:firebase-common:20.0.0] AndroidManifest.xml:26:9-31:39
112            android:name="com.google.firebase.provider.FirebaseInitProvider"
112-->[com.google.firebase:firebase-common:20.0.0] AndroidManifest.xml:27:13-77
113            android:authorities="com.example.ecommerceapp.firebaseinitprovider"
113-->[com.google.firebase:firebase-common:20.0.0] AndroidManifest.xml:28:13-72
114            android:directBootAware="true"
114-->[com.google.firebase:firebase-common:20.0.0] AndroidManifest.xml:29:13-43
115            android:exported="false"
115-->[com.google.firebase:firebase-common:20.0.0] AndroidManifest.xml:30:13-37
116            android:initOrder="100" />
116-->[com.google.firebase:firebase-common:20.0.0] AndroidManifest.xml:31:13-36
117
118        <activity
118-->[com.google.android.gms:play-services-base:17.1.0] AndroidManifest.xml:23:9-26:75
119            android:name="com.google.android.gms.common.api.GoogleApiActivity"
119-->[com.google.android.gms:play-services-base:17.1.0] AndroidManifest.xml:24:13-79
120            android:exported="false"
120-->[com.google.android.gms:play-services-base:17.1.0] AndroidManifest.xml:25:13-37
121            android:theme="@android:style/Theme.Translucent.NoTitleBar" />
121-->[com.google.android.gms:play-services-base:17.1.0] AndroidManifest.xml:26:13-72
122
123        <receiver
123-->[com.google.android.gms:play-services-measurement:20.0.2] AndroidManifest.xml:29:9-33:20
124            android:name="com.google.android.gms.measurement.AppMeasurementReceiver"
124-->[com.google.android.gms:play-services-measurement:20.0.2] AndroidManifest.xml:30:13-85
125            android:enabled="true"
125-->[com.google.android.gms:play-services-measurement:20.0.2] AndroidManifest.xml:31:13-35
126            android:exported="false" >
126-->[com.google.android.gms:play-services-measurement:20.0.2] AndroidManifest.xml:32:13-37
127        </receiver>
128
129        <service
129-->[com.google.android.gms:play-services-measurement:20.0.2] AndroidManifest.xml:35:9-38:40
130            android:name="com.google.android.gms.measurement.AppMeasurementService"
130-->[com.google.android.gms:play-services-measurement:20.0.2] AndroidManifest.xml:36:13-84
131            android:enabled="true"
131-->[com.google.android.gms:play-services-measurement:20.0.2] AndroidManifest.xml:37:13-35
132            android:exported="false" />
132-->[com.google.android.gms:play-services-measurement:20.0.2] AndroidManifest.xml:38:13-37
133        <service
133-->[com.google.android.gms:play-services-measurement:20.0.2] AndroidManifest.xml:39:9-43:72
134            android:name="com.google.android.gms.measurement.AppMeasurementJobService"
134-->[com.google.android.gms:play-services-measurement:20.0.2] AndroidManifest.xml:40:13-87
135            android:enabled="true"
135-->[com.google.android.gms:play-services-measurement:20.0.2] AndroidManifest.xml:41:13-35
136            android:exported="false"
136-->[com.google.android.gms:play-services-measurement:20.0.2] AndroidManifest.xml:42:13-37
137            android:permission="android.permission.BIND_JOB_SERVICE" />
137-->[com.google.android.gms:play-services-measurement:20.0.2] AndroidManifest.xml:43:13-69
138
139        <meta-data
139-->[com.google.android.gms:play-services-basement:18.0.0] AndroidManifest.xml:21:9-23:69
140            android:name="com.google.android.gms.version"
140-->[com.google.android.gms:play-services-basement:18.0.0] AndroidManifest.xml:22:13-58
141            android:value="@integer/google_play_services_version" />
141-->[com.google.android.gms:play-services-basement:18.0.0] AndroidManifest.xml:23:13-66
142
143        <provider
143-->[androidx.emoji2:emoji2:1.0.0] AndroidManifest.xml:26:9-34:20
144            android:name="androidx.startup.InitializationProvider"
144-->[androidx.emoji2:emoji2:1.0.0] AndroidManifest.xml:27:13-67
145            android:authorities="com.example.ecommerceapp.androidx-startup"
145-->[androidx.emoji2:emoji2:1.0.0] AndroidManifest.xml:28:13-68
146            android:exported="false" >
146-->[androidx.emoji2:emoji2:1.0.0] AndroidManifest.xml:29:13-37
147            <meta-data
147-->[androidx.emoji2:emoji2:1.0.0] AndroidManifest.xml:31:13-33:52
148                android:name="androidx.emoji2.text.EmojiCompatInitializer"
148-->[androidx.emoji2:emoji2:1.0.0] AndroidManifest.xml:32:17-75
149                android:value="androidx.startup" />
149-->[androidx.emoji2:emoji2:1.0.0] AndroidManifest.xml:33:17-49
150            <meta-data
150-->[androidx.lifecycle:lifecycle-process:2.4.0] AndroidManifest.xml:31:13-33:52
151                android:name="androidx.lifecycle.ProcessLifecycleInitializer"
151-->[androidx.lifecycle:lifecycle-process:2.4.0] AndroidManifest.xml:32:17-78
152                android:value="androidx.startup" />
152-->[androidx.lifecycle:lifecycle-process:2.4.0] AndroidManifest.xml:33:17-49
153        </provider>
154    </application>
155
156</manifest>